TN:
SF:./client/index.js
FNF:0
FNH:0
DA:1,1
LF:1
LH:1
BRF:0
BRH:0
end_of_record
TN:
SF:./client/config/config.js
FN:4,(anonymous_1)
FNF:1
FNH:1
FNDA:4,(anonymous_1)
DA:3,1
DA:5,4
DA:7,4
LF:3
LH:3
BRF:0
BRH:0
end_of_record
TN:
SF:./client/config/run.js
FN:4,(anonymous_1)
FNF:1
FNH:1
FNDA:4,(anonymous_1)
DA:3,1
DA:5,4
DA:6,4
LF:3
LH:3
BRF:0
BRH:0
end_of_record
TN:
SF:./client/config/sweet-defaults.js
FNF:0
FNH:0
DA:1,1
LF:1
LH:1
BRF:0
BRH:0
end_of_record
TN:
SF:./client/constants/constants.js
FNF:0
FNH:0
DA:1,1
LF:1
LH:1
BRF:0
BRH:0
end_of_record
TN:
SF:./client/models/user.js
FN:4,(anonymous_1)
FN:6,User
FN:9,(anonymous_3)
FN:13,(anonymous_4)
FN:17,(anonymous_5)
FNF:5
FNH:4
FNDA:4,(anonymous_1)
FNDA:0,User
FNDA:1,(anonymous_3)
FNDA:1,(anonymous_4)
FNDA:1,(anonymous_5)
DA:3,1
DA:6,1
DA:9,4
DA:10,1
DA:13,4
DA:14,1
DA:17,4
DA:18,1
DA:21,4
LF:9
LH:9
BRF:0
BRH:0
end_of_record
TN:
SF:./client/views/nav/nav.js
FN:4,(anonymous_1)
FN:6,(anonymous_2)
FN:16,(anonymous_3)
FNF:3
FNH:0
FNDA:0,(anonymous_1)
FNDA:0,(anonymous_2)
FNDA:0,(anonymous_3)
DA:3,1
DA:6,0
DA:7,0
DA:8,0
DA:10,0
DA:13,0
DA:16,0
DA:17,0
LF:8
LH:1
BRDA:7,1,0,0
BRDA:7,1,1,0
BRF:2
BRH:0
end_of_record
TN:
SF:./client/views/users/users.js
FN:4,(anonymous_1)
FN:7,(anonymous_2)
FN:10,(anonymous_3)
FN:13,(anonymous_4)
FN:18,(anonymous_5)
FNF:5
FNH:0
FNDA:0,(anonymous_1)
FNDA:0,(anonymous_2)
FNDA:0,(anonymous_3)
FNDA:0,(anonymous_4)
FNDA:0,(anonymous_5)
DA:3,1
DA:5,0
DA:7,0
DA:8,0
DA:9,0
DA:11,0
DA:14,0
DA:17,0
DA:19,0
LF:9
LH:1
BRDA:8,1,0,0
BRDA:8,1,1,0
BRF:2
BRH:0
end_of_record
